2022-12-14 22:02:47,468 INFO  [Log] ** 
2022-12-14 22:02:47,468 INFO  [Log] ** 
2022-12-14 22:02:47,472 INFO  [Log] ############   My first test case is Login test ################ 
2022-12-14 22:02:47,472 INFO  [Log] ** 
2022-12-14 22:02:47,472 INFO  [Log] ** 
2022-12-14 22:02:47,472 INFO  [Log] My login test is going on 
2022-12-14 22:02:47,472 INFO  [Log] My test case might be failed 
2022-12-14 22:02:49,315 INFO  [Log] My test case is about to complete 
2022-12-14 22:02:49,315 INFO  [Log] ################################## 
2022-12-14 22:02:49,315 INFO  [Log] ########################################## 
2022-12-14 22:02:49,315 INFO  [Log] ############   This is my login test again ################ 
2022-12-14 22:02:49,315 INFO  [Log] ########################## 
2022-12-14 22:02:49,315 INFO  [Log] ########################################## 
2022-12-14 22:06:18,180 INFO  [Log] ** 
2022-12-14 22:06:18,181 INFO  [Log] ** 
2022-12-14 22:06:18,185 INFO  [Log] ############   My first test case is Login test ################ 
2022-12-14 22:06:18,185 INFO  [Log] ** 
2022-12-14 22:06:18,185 INFO  [Log] ** 
2022-12-14 22:06:18,185 INFO  [Log] My login test is going on 
2022-12-14 22:06:18,185 INFO  [Log] My test case might be failed 
2022-12-14 22:06:20,080 INFO  [Log] My test case is about to complete 
2022-12-14 22:06:20,080 INFO  [Log] ################################## 
2022-12-14 22:06:20,080 INFO  [Log] ########################################## 
2022-12-14 22:06:20,081 INFO  [Log] ############   This is my login test again ################ 
2022-12-14 22:06:20,081 INFO  [Log] ########################## 
2022-12-14 22:06:20,081 INFO  [Log] ########################################## 
2022-12-17 09:35:23,141 INFO  [Log] ** 
2022-12-17 09:35:23,141 INFO  [Log] ** 
2022-12-17 09:35:23,147 INFO  [Log] ############   My first test case is Login test ################ 
2022-12-17 09:35:23,147 INFO  [Log] ** 
2022-12-17 09:35:23,147 INFO  [Log] ** 
2022-12-17 09:35:23,147 INFO  [Log] My login test is going on 
2022-12-17 09:35:23,147 INFO  [Log] My test case might be failed 
2022-12-17 09:35:25,391 INFO  [Log] My test case is about to complete 
2022-12-17 09:35:25,391 INFO  [Log] ################################## 
2022-12-17 09:35:25,391 INFO  [Log] ########################################## 
2022-12-17 09:35:25,391 INFO  [Log] ############   This is my login test again ################ 
2022-12-17 09:35:25,391 INFO  [Log] ########################## 
2022-12-17 09:35:25,391 INFO  [Log] ########################################## 
2022-12-17 18:48:34,859 INFO  [Log] ** 
2022-12-17 18:48:34,859 INFO  [Log] ** 
2022-12-17 18:48:34,865 INFO  [Log] ############   My first test case is Login test ################ 
2022-12-17 18:48:34,865 INFO  [Log] ** 
2022-12-17 18:48:34,865 INFO  [Log] ** 
2022-12-17 18:48:34,865 INFO  [Log] My login test is going on 
2022-12-17 18:48:34,865 INFO  [Log] My test case might be failed 
2022-12-17 18:48:36,014 INFO  [Log] My test case is about to complete 
2022-12-17 18:48:36,014 INFO  [Log] ################################## 
2022-12-17 18:48:36,014 INFO  [Log] ########################################## 
2022-12-17 18:48:36,014 INFO  [Log] ############   This is my login test again ################ 
2022-12-17 18:48:36,014 INFO  [Log] ########################## 
2022-12-17 18:48:36,014 INFO  [Log] ########################################## 
2022-12-17 18:48:37,377 INFO  [Log] ** 
2022-12-17 18:48:37,377 INFO  [Log] ** 
2022-12-17 18:48:37,377 INFO  [Log] ############   My first test case is Login test ################ 
2022-12-17 18:48:37,377 INFO  [Log] ** 
2022-12-17 18:48:37,377 INFO  [Log] ** 
2022-12-17 18:48:37,377 INFO  [Log] My login test is going on 
2022-12-17 18:48:37,377 INFO  [Log] My test case might be failed 
2022-12-17 18:48:38,109 INFO  [Log] My test case is about to complete 
2022-12-17 18:48:38,109 INFO  [Log] ################################## 
2022-12-17 18:48:38,109 INFO  [Log] ########################################## 
2022-12-17 18:48:38,110 INFO  [Log] ############   This is my login test again ################ 
2022-12-17 18:48:38,110 INFO  [Log] ########################## 
2022-12-17 18:48:38,110 INFO  [Log] ########################################## 
2022-12-17 18:48:39,405 INFO  [Log] ** 
2022-12-17 18:48:39,405 INFO  [Log] ** 
2022-12-17 18:48:39,405 INFO  [Log] ############   My first test case is Login test ################ 
2022-12-17 18:48:39,405 INFO  [Log] ** 
2022-12-17 18:48:39,405 INFO  [Log] ** 
2022-12-17 18:48:39,405 INFO  [Log] My login test is going on 
2022-12-17 18:48:39,405 INFO  [Log] My test case might be failed 
2022-12-17 18:48:39,995 INFO  [Log] My test case is about to complete 
2022-12-17 18:48:39,995 INFO  [Log] ################################## 
2022-12-17 18:48:39,995 INFO  [Log] ########################################## 
2022-12-17 18:48:39,995 INFO  [Log] ############   This is my login test again ################ 
2022-12-17 18:48:39,995 INFO  [Log] ########################## 
2022-12-17 18:48:39,995 INFO  [Log] ########################################## 
2022-12-17 18:48:41,215 INFO  [Log] ** 
2022-12-17 18:48:41,215 INFO  [Log] ** 
2022-12-17 18:48:41,215 INFO  [Log] ############   My first test case is Login test ################ 
2022-12-17 18:48:41,215 INFO  [Log] ** 
2022-12-17 18:48:41,215 INFO  [Log] ** 
2022-12-17 18:48:41,215 INFO  [Log] My login test is going on 
2022-12-17 18:48:41,215 INFO  [Log] My test case might be failed 
2022-12-17 18:48:41,778 INFO  [Log] My test case is about to complete 
2022-12-17 18:48:41,778 INFO  [Log] ################################## 
2022-12-17 18:48:41,778 INFO  [Log] ########################################## 
2022-12-17 18:48:41,778 INFO  [Log] ############   This is my login test again ################ 
2022-12-17 18:48:41,778 INFO  [Log] ########################## 
2022-12-17 18:48:41,778 INFO  [Log] ########################################## 
2022-12-17 18:55:19,246 INFO  [Log] ** 
2022-12-17 18:55:19,246 INFO  [Log] ** 
2022-12-17 18:55:19,250 INFO  [Log] ############   My first test case is Login test ################ 
2022-12-17 18:55:19,250 INFO  [Log] ** 
2022-12-17 18:55:19,250 INFO  [Log] ** 
2022-12-17 18:55:19,250 INFO  [Log] My login test is going on 
2022-12-17 18:55:19,250 INFO  [Log] My test case might be failed 
2022-12-17 18:55:25,011 INFO  [Log] My test case is about to complete 
2022-12-17 18:55:25,011 INFO  [Log] ################################## 
2022-12-17 18:55:25,011 INFO  [Log] ########################################## 
2022-12-17 18:55:25,011 INFO  [Log] ############   This is my login test again ################ 
2022-12-17 18:55:25,011 INFO  [Log] ########################## 
2022-12-17 18:55:25,011 INFO  [Log] ########################################## 
2022-12-17 19:02:14,352 INFO  [Log] ** 
2022-12-17 19:02:14,352 INFO  [Log] ** 
2022-12-17 19:02:14,356 INFO  [Log] ############   My first test case is Login test ################ 
2022-12-17 19:02:14,356 INFO  [Log] ** 
2022-12-17 19:02:14,356 INFO  [Log] ** 
2022-12-17 19:02:14,356 INFO  [Log] My login test is going on 
2022-12-17 19:02:14,356 INFO  [Log] My test case might be failed 
2022-12-17 19:02:27,263 INFO  [Log] My test case is about to complete 
2022-12-17 19:02:27,263 INFO  [Log] ################################## 
2022-12-17 19:02:27,263 INFO  [Log] ########################################## 
2022-12-17 19:02:27,263 INFO  [Log] ############   This is my login test again ################ 
2022-12-17 19:02:27,263 INFO  [Log] ########################## 
2022-12-17 19:02:27,263 INFO  [Log] ########################################## 
2022-12-17 19:05:24,924 INFO  [Log] ** 
2022-12-17 19:05:24,924 INFO  [Log] ** 
2022-12-17 19:05:24,927 INFO  [Log] ############   My first test case is Login test ################ 
2022-12-17 19:05:24,927 INFO  [Log] ** 
2022-12-17 19:05:24,927 INFO  [Log] ** 
2022-12-17 19:05:24,927 INFO  [Log] My login test is going on 
2022-12-17 19:05:24,927 INFO  [Log] My test case might be failed 
2022-12-17 19:06:02,530 INFO  [Log] My test case is about to complete 
2022-12-17 19:06:02,530 INFO  [Log] ################################## 
2022-12-17 19:06:02,530 INFO  [Log] ########################################## 
2022-12-17 19:06:02,530 INFO  [Log] ############   This is my login test again ################ 
2022-12-17 19:06:02,530 INFO  [Log] ########################## 
2022-12-17 19:06:02,530 INFO  [Log] ########################################## 
